<?xml version="1.0" encoding="UTF-8"?>
<!-- Generated by org.testng.reporters.JUnitReportReporter -->
<testsuite hostname="DESKTOP-TKM73T0" failures="0" tests="1" name="com.vtiger.crm.SeleniumGrid" time="21.552" errors="0" timestamp="14 Sep 2021 05:47:58 GMT" skipped="0">
  <testcase classname="com.vtiger.crm.SeleniumGrid" name="seleniumgridPractice" time="21.552"/>
</testsuite> <!-- com.vtiger.crm.SeleniumGrid -->
