<?xml version="1.0" encoding="UTF-8"?>
<!-- Generated by org.testng.reporters.JUnitReportReporter -->
<testsuite hostname="DESKTOP-TKM73T0" failures="0" tests="1" name="com.vtiger.crm.ENSKART" time="11.634" errors="0" timestamp="2021-09-16T11:24:05 IST" skipped="0">
  <testcase classname="com.vtiger.crm.ENSKART" name="lenskart" time="11.634"/>
  <system-out/>
</testsuite> <!-- com.vtiger.crm.ENSKART -->
