<?xml version="1.0" encoding="UTF-8"?>
<!-- Generated by org.testng.reporters.JUnitReportReporter -->
<testsuite hostname="DESKTOP-TKM73T0" failures="0" tests="1" name="com.vtiger.crm.Amazon" time="31.254" errors="0" timestamp="2021-09-20T16:48:16 IST" skipped="0">
  <testcase classname="com.vtiger.crm.Amazon" name="amaz" time="31.254"/>
  <system-out/>
</testsuite> <!-- com.vtiger.crm.Amazon -->
