<?xml version="1.0" encoding="UTF-8"?>
<!-- Generated by org.testng.reporters.JUnitReportReporter -->
<testsuite hostname="DESKTOP-TKM73T0" failures="0" tests="5" name="com.vtiger.crm.Product" time="0.043" errors="0" timestamp="11 Sep 2021 10:00:14 GMT" skipped="0">
  <testcase classname="com.vtiger.crm.Product" name="getProduct" time="0.017"/>
  <testcase classname="com.vtiger.crm.Product" name="getProduct" time="0.011"/>
  <testcase classname="com.vtiger.crm.Product" name="getProduct" time="0.004"/>
  <testcase classname="com.vtiger.crm.Product" name="getProduct" time="0.008"/>
  <testcase classname="com.vtiger.crm.Product" name="getProduct" time="0.003"/>
</testsuite> <!-- com.vtiger.crm.Product -->
