<?xml version="1.0" encoding="UTF-8"?>
<!-- Generated by org.testng.reporters.JUnitReportReporter -->
<testsuite hostname="DESKTOP-TKM73T0" failures="0" tests="1" name="com.vtiger.crm.Hov_er" time="20.165" errors="0" timestamp="2021-09-18T03:36:58 IST" skipped="0">
  <testcase classname="com.vtiger.crm.Hov_er" name="lenskart" time="20.165"/>
  <system-out/>
</testsuite> <!-- com.vtiger.crm.Hov_er -->
